<?xml version="1.0" encoding="UTF-8"?>
<testng-results ignored="0" total="1" passed="1" failed="0" skipped="0">
  <reporter-output>
  </reporter-output>
  <suite started-at="2024-08-12T13:07:39 IST" name="Default suite" finished-at="2024-08-12T13:08:11 IST" duration-ms="31956">
    <groups>
    </groups>
    <test started-at="2024-08-12T13:07:39 IST" name="Default test" finished-at="2024-08-12T13:08:11 IST" duration-ms="31956">
      <class name="sendrequest.SendRequestTest">
        <test-method is-config="true" signature="config()[pri:0, instance:sendrequest.SendRequestTest@4b520ea8]" started-at="2024-08-12T13:07:39 IST" name="config" finished-at="2024-08-12T13:07:39 IST" duration-ms="20" status="PASS">
          <reporter-output>
          </reporter-output>
        </test-method> <!-- config -->
        <test-method is-config="true" signature="confiBC()[pri:0, instance:sendrequest.SendRequestTest@4b520ea8]" started-at="2024-08-12T13:07:39 IST" name="confiBC" finished-at="2024-08-12T13:07:44 IST" duration-ms="4501" status="PASS">
          <reporter-output>
          </reporter-output>
        </test-method> <!-- confiBC -->
        <test-method is-config="true" signature="configBm()[pri:0, instance:sendrequest.SendRequestTest@4b520ea8]" started-at="2024-08-12T13:07:44 IST" name="configBm" finished-at="2024-08-12T13:07:56 IST" duration-ms="11506" status="PASS">
          <reporter-output>
          </reporter-output>
        </test-method> <!-- configBm -->
        <test-method signature="sendFriendRequest()[pri:0, instance:sendrequest.SendRequestTest@4b520ea8]" started-at="2024-08-12T13:07:56 IST" name="sendFriendRequest" finished-at="2024-08-12T13:08:11 IST" duration-ms="15505" status="PASS">
          <reporter-output>
          </reporter-output>
        </test-method> <!-- sendFriendRequest -->
        <test-method is-config="true" signature="configAm()[pri:0, instance:sendrequest.SendRequestTest@4b520ea8]" started-at="2024-08-12T13:08:11 IST" name="configAm" finished-at="2024-08-12T13:08:11 IST" duration-ms="5" status="PASS">
          <reporter-output>
          </reporter-output>
        </test-method> <!-- configAm -->
        <test-method is-config="true" signature="configAC()[pri:0, instance:sendrequest.SendRequestTest@4b520ea8]" started-at="2024-08-12T13:08:11 IST" name="configAC" finished-at="2024-08-12T13:08:11 IST" duration-ms="339" status="PASS">
          <reporter-output>
          </reporter-output>
        </test-method> <!-- configAC -->
        <test-method is-config="true" signature="configAS()[pri:0, instance:sendrequest.SendRequestTest@4b520ea8]" started-at="2024-08-12T13:08:11 IST" name="configAS" finished-at="2024-08-12T13:08:11 IST" duration-ms="1" status="PASS">
          <reporter-output>
          </reporter-output>
        </test-method> <!-- configAS -->
      </class> <!-- sendrequest.SendRequestTest -->
    </test> <!-- Default test -->
  </suite> <!-- Default suite -->
</testng-results>
