<?xml version="1.0" encoding="UTF-8"?>
<!-- Generated by org.testng.reporters.JUnitXMLReporter -->
<testsuite ignored="0" hostname="DESKTOP-M9TKH38" failures="0" tests="1" name="Test" time="6.038" errors="0" timestamp="2024-08-10T11:23:38 IST">
  <testcase classname="com.generic.ListenerUtility.BaseClass" name="@BeforeMethod configBm" time="1.122">
    <failure type="java.lang.NullPointerException" message="Cannot invoke &amp;quot;org.openqa.selenium.SearchContext.findElement(org.openqa.selenium.By)&amp;quot; because &amp;quot;this.searchContext&amp;quot; is null">
      <![CDATA[java.lang.NullPointerException: Cannot invoke "org.openqa.selenium.SearchContext.findElement(org.openqa.selenium.By)" because "this.searchContext" is null
at org.openqa.selenium.support.pagefactory.DefaultElementLocator.findElement(DefaultElementLocator.java:68)
at org.openqa.selenium.support.pagefactory.internal.LocatingElementHandler.invoke(LocatingElementHandler.java:38)
at jdk.proxy2/jdk.proxy2.$Proxy15.sendKeys(Unknown Source)
at com.generic.ObjectRepository.LoginPage.login(LoginPage.java:30)
at com.generic.ListenerUtility.BaseClass.configBm(BaseClass.java:72)
at java.base/java.util.ArrayList.forEach(ArrayList.java:1511)
... Removed 31 stack frames]]>
    </failure>
  </testcase> <!-- @BeforeMethod configBm -->
  <testcase classname="com.generic.ListenerUtility.BaseClass" name="@AfterMethod configAm" time="0.0">
    <skipped/>
  </testcase> <!-- @AfterMethod configAm -->
  <testcase classname="com.generic.ListenerUtility.BaseClass" name="@AfterClass configAC" time="0.0">
    <skipped/>
  </testcase> <!-- @AfterClass configAC -->
  <testcase classname="sendrequest.SendRequestTest" name="sendFriendRequest" time="0.0">
    <skipped/>
  </testcase> <!-- sendFriendRequest -->
</testsuite> <!-- Test -->
